<?xml version="1.0" encoding="UTF-8"?>
<!-- Generated by org.testng.reporters.JUnitReportReporter -->
<testsuite hostname="DESKTOP-1FR0E3T" failures="0" tests="1" name="AmazonPackage.AmazonProject.TestCase2_AddToCart" time="50.700" errors="0" timestamp="2025-07-24T00:08:19 IST" skipped="0">
  <testcase classname="AmazonPackage.AmazonProject.TestCase2_AddToCart" name="withvalidcredentials" time="50.700"/>
</testsuite> <!-- AmazonPackage.AmazonProject.TestCase2_AddToCart -->
