<?xml version="1.0" encoding="UTF-8"?>
<!-- Generated by org.testng.reporters.JUnitReportReporter -->
<testsuite hostname="DESKTOP-1FR0E3T" failures="0" tests="1" name="AmazonPackage.AmazonProject.TestCase1_LogintoAmazonLogout" time="33.330" errors="0" timestamp="2025-07-30T16:31:42 IST" skipped="0">
  <testcase classname="AmazonPackage.AmazonProject.TestCase1_LogintoAmazonLogout" name="withvalidcredentials" time="33.330"/>
</testsuite> <!-- AmazonPackage.AmazonProject.TestCase1_LogintoAmazonLogout -->
